01:46:31.265 [main] HospitalApplication.main [49] INFO  - Patient{firstName='Mike', lastName='Brown', age=30, phoneNumber='05077777777'}
01:46:31.306 [main] HospitalApplication.main [63] INFO  - Doctor{firstName='Tom', lastName='Black', speciality='dentist', consultationCost=100}
01:46:31.333 [main] HospitalApplication.main [105] INFO  - Doctors by speciality dentist: [Doctor{firstName='Tom', lastName='Black', speciality='dentist', consultationCost=100}]
01:46:31.351 [main] StaffManager.rewardBestDoctor [77] INFO  - The best doctor Been. He/she gets the reward: 1500$.
01:46:31.356 [main] Registry.registerPatient [38] INFO  - Patient Brown is registered.
01:46:31.365 [main] Registry.registerAppointment [64] INFO  - Your appointment for Brown is planed. 
Appointment info: 
com.laba.solvd.process.Appointment@8b8fc2a5
01:46:31.396 [main] Appointment.print [95] INFO  - Appointment{id=62
doctor=Doctor{firstName='Tom', lastName='Black', speciality='dentist', consultationCost=100}
patient=Patient{firstName='Mike', lastName='Brown', age=30, phoneNumber='05077777777'}
weekDay=WED, time=10:00}
01:46:31.400 [main] Clinic.admitPatient [45] INFO  - Mr./Mrs. Brown, thanks for your visit. 
Your recommendation and treatment: To breathe moist cool air. To drink plenty of fluids.
01:46:31.427 [main] MedicalReport.print [78] INFO  - MedicalReport{id=420, symptom=Cough, diagnosis=Bronchitis, recommendation=To breathe moist cool air. To drink plenty of fluids., hospitalization=false}
01:46:31.441 [main] PayOffice.acceptPayment [53] INFO  - Mr./Mrs. Brown, you should pay: 40.0$
01:46:31.444 [main] Cash.pay [13] INFO  - 40.0$ was payed by cash.
01:46:31.456 [main] Receipt.print [38] INFO  - Receipt{patient=Mike Brown, cost=40.0$}
01:46:31.468 [main] PayOffice.calculateProfit [85] INFO  - Profit of the clinic: 40.0$.
01:46:31.473 [main] Hospital.hospitalizePatient [41] INFO  - The patient does not require hospitalization.
01:46:31.520 [main] HospitalApplication.main [137] INFO  - The doctor's Black rating is 2.5
01:46:31.548 [main] HospitalApplication.main [151] INFO  - Friday 12:00.[Registry, PayOffice, Clinic, Hospital] are opened.
